app/build/outputs/logs/manifest-merger-dev-debug-report.txt
-- Merging decision tree log ---
manifest
ADDED from src/main/AndroidManifest.xml:2:1-30:12
INJECTED from src/main/AndroidManifest.xml:2:1-30:12
INJECTED from src/main/AndroidManifest.xml:2:1-30:12
INJECTED from src/main/AndroidManifest.xml:2:1-30:12
MERGED from [com.android.databinding:adapters:3.3.2] AndroidManifest.xml:17:1-24:12
MERGED from [com.android.databinding:library:3.3.2] AndroidManifest.xml:17:1-24:12
MERGED from [com.squareup.leakcanary:leakcanary-android:1.6.3] AndroidManifest.xml:17:1-74:12
MERGED from [com.willowtreeapps.hyperion:hyperion-core:0.9.27] AndroidManifest.xml:2:1-25:12
MERGED from [com.willowtreeapps.hyperion:hyperion-attr:0.9.27] AndroidManifest.xml:2:1-11:12
MERGED from [com.willowtreeapps.hyperion:hyperion-measurement:0.9.27] AndroidManifest.xml:2:1-11:12
MERGED from [com.willowtreeapps.hyperion:hyperion-disk:0.9.27] AndroidManifest.xml:2:1-27:12
MERGED from [com.willowtreeapps.hyperion:hyperion-recorder:0.9.27] AndroidManifest.xml:2:1-27:12
MERGED from [com.willowtreeapps.hyperion:hyperion-phoenix:0.9.27] AndroidManifest.xml:2:1-18:12
MERGED from [com.willowtreeapps.hyperion:hyperion-crash:0.9.27] AndroidManifest.xml:2:1-20:12
MERGED from [com.willowtreeapps.hyperion:hyperion-shared-preferences:0.9.27] AndroidManifest.xml:2:1-22:12
MERGED from [com.willowtreeapps.hyperion:hyperion-geiger-counter:0.9.27] AndroidManifest.xml:2:1-13:12
MERGED from [com.willowtreeapps.hyperion:hyperion-timber:0.9.27] AndroidManifest.xml:2:1-18:12
MERGED from [com.willowtreeapps.hyperion:hyperion-build-config:0.9.27] AndroidManifest.xml:2:1-18:12
MERGED from [com.android.support:design:28.0.0] AndroidManifest.xml:17:1-24:12
MERGED from [com.google.dagger:dagger-android-support:2.16] AndroidManifest.xml:17:1-22:12
MERGED from [com.afollestad.material-dialogs:core:0.9.6.0] AndroidManifest.xml:2:1-15:12
MERGED from [me.zhanghai.android.materialprogressbar:library:1.4.2] AndroidManifest.xml:6:1-16:12
MERGED from [com.android.support:appcompat-v7:28.0.0] AndroidManifest.xml:17:1-22:12
MERGED from [com.android.support:support-v4:28.0.0] AndroidManifest.xml:17:1-22:12
MERGED from [com.android.support:cardview-v7:28.0.0] AndroidManifest.xml:17:1-22:12
MERGED from [com.android.support:recyclerview-v7:28.0.0] AndroidManifest.xml:17:1-22:12
MERGED from [com.android.support:exifinterface:28.0.0] AndroidManifest.xml:17:1-22:12
MERGED from [com.android.support:customtabs:28.0.0] AndroidManifest.xml:17:1-22:12
MERGED from [com.google.dagger:dagger-android:2.16] AndroidManifest.xml:17:1-22:12
MERGED from [me.relex:circleindicator:1.2.2] AndroidManifest.xml:2:1-12:12
MERGED from [com.squareup.leakcanary:leakcanary-analyzer:1.6.3] AndroidManifest.xml:17:1-24:12
MERGED from [android.arch.persistence.room:rxjava2:1.1.1] AndroidManifest.xml:17:1-22:12
MERGED from [android.arch.persistence.room:runtime:1.1.1] AndroidManifest.xml:17:1-22:12
MERGED from [com.github.bumptech.glide:glide:4.9.0] AndroidManifest.xml:2:1-12:12
MERGED from [android.arch.lifecycle:extensions:1.1.1] AndroidManifest.xml:17:1-30:12
MERGED from [com.android.support:support-fragment:28.0.0] AndroidManifest.xml:17:1-22:12
MERGED from [com.android.support:animated-vector-drawable:28.0.0] AndroidManifest.xml:17:1-22:12
MERGED from [com.android.support:support-core-ui:28.0.0] AndroidManifest.xml:17:1-22:12
MERGED from [com.android.support:support-core-utils:28.0.0] AndroidManifest.xml:17:1-22:12
MERGED from [com.android.support:support-vector-drawable:28.0.0] AndroidManifest.xml:17:1-22:12
MERGED from [com.android.support:transition:28.0.0] AndroidManifest.xml:17:1-22:12
MERGED from [com.android.support:support-media-compat:28.0.0] AndroidManifest.xml:17:1-22:12
MERGED from [com.android.support:loader:28.0.0] AndroidManifest.xml:17:1-22:12
MERGED from [com.android.support:viewpager:28.0.0] AndroidManifest.xml:17:1-22:12
MERGED from [com.android.support:coordinatorlayout:28.0.0] AndroidManifest.xml:17:1-22:12
MERGED from [com.android.support:drawerlayout:28.0.0] AndroidManifest.xml:17:1-22:12
MERGED from [com.android.support:slidingpanelayout:28.0.0] AndroidManifest.xml:17:1-22:12
MERGED from [com.android.support:customview:28.0.0] AndroidManifest.xml:17:1-22:12
MERGED from [com.android.support:swiperefreshlayout:28.0.0] AndroidManifest.xml:17:1-22:12
MERGED from [com.android.support:asynclayoutinflater:28.0.0] AndroidManifest.xml:17:1-22:12
MERGED from [com.android.support:support-compat:28.0.0] AndroidManifest.xml:17:1-24:12
MERGED from [com.android.support:versionedparcelable:28.0.0] AndroidManifest.xml:17:1-25:12
MERGED from [com.android.support:cursoradapter:28.0.0] AndroidManifest.xml:17:1-22:12
MERGED from [com.android.support:interpolator:28.0.0] AndroidManifest.xml:17:1-22:12
MERGED from [android.arch.persistence:db-framework:1.1.1] AndroidManifest.xml:17:1-22:12
MERGED from [android.arch.persistence:db:1.1.1] AndroidManifest.xml:17:1-22:12
MERGED from [android.arch.lifecycle:livedata:1.1.1] AndroidManifest.xml:17:1-22:12
MERGED from [android.arch.lifecycle:livedata-core:1.1.1] AndroidManifest.xml:17:1-22:12
MERGED from [android.arch.core:runtime:1.1.1] AndroidManifest.xml:17:1-22:12
MERGED from [com.github.bumptech.glide:gifdecoder:4.9.0] AndroidManifest.xml:2:1-11:12
MERGED from [android.arch.lifecycle:runtime:1.1.1] AndroidManifest.xml:17:1-22:12
MERGED from [android.arch.lifecycle:viewmodel:1.1.1] AndroidManifest.xml:17:1-22:12
MERGED from [com.android.support:documentfile:28.0.0] AndroidManifest.xml:17:1-22:12
MERGED from [com.android.support:localbroadcastmanager:28.0.0] AndroidManifest.xml:17:1-22:12
MERGED from [com.android.support:print:28.0.0] AndroidManifest.xml:17:1-22:12
MERGED from [com.android.support:multidex:1.0.3] AndroidManifest.xml:17:1-22:12
MERGED from [io.reactivex.rxjava2:rxandroid:2.1.0] AndroidManifest.xml:15:1-20:12
MERGED from [com.orhanobut:hawk:2.0.1] AndroidManifest.xml:2:1-8:12
MERGED from [com.android.support.constraint:constraint-layout:1.1.3] AndroidManifest.xml:2:1-11:12
MERGED from [de.hdodenhof:circleimageview:2.2.0] AndroidManifest.xml:2:1-11:12
MERGED from [com.jakewharton.timber:timber:4.7.1] AndroidManifest.xml:2:1-9:12
MERGED from [com.github.clans:fab:1.6.4] AndroidManifest.xml:2:1-14:12
MERGED from [com.willowtreeapps.hyperion:hyperion-plugin:0.9.27] AndroidManifest.xml:2:1-11:12
MERGED from [com.facebook.conceal:conceal:1.1.3] AndroidManifest.xml:7:1-16:12
INJECTED from src/main/AndroidManifest.xml:2:1-30:12
INJECTED from src/main/AndroidManifest.xml:2:1-30:12
INJECTED from src/main/AndroidManifest.xml:2:1-30:12
	package
		ADDED from src/main/AndroidManifest.xml:3:5-36
		INJECTED from src/main/AndroidManifest.xml
		INJECTED from src/main/AndroidManifest.xml
	android:versionName
		INJECTED from src/main/AndroidManifest.xml
		ADDED from src/main/AndroidManifest.xml:2:1-30:12
		INJECTED from src/main/AndroidManifest.xml
	android:versionCode
		INJECTED from src/main/AndroidManifest.xml
		ADDED from src/main/AndroidManifest.xml:2:1-30:12
		INJECTED from src/main/AndroidManifest.xml
	xmlns:android
		ADDED from src/main/AndroidManifest.xml:2:11-69
uses-permission#android.permission.INTERNET
ADDED from src/main/AndroidManifest.xml:5:5-67
	android:name
		ADDED from src/main/AndroidManifest.xml:5:22-64
uses-permission#android.permission.ACCESS_NETWORK_STATE
ADDED from src/main/AndroidManifest.xml:6:5-79
	android:name
		ADDED from src/main/AndroidManifest.xml:6:22-76
uses-permission#android.permission.ACCESS_WIFI_STATE
ADDED from src/main/AndroidManifest.xml:7:5-76
	android:name
		ADDED from src/main/AndroidManifest.xml:7:22-73
uses-permission#android.permission.FOREGROUND_SERVICE
ADDED from src/main/AndroidManifest.xml:8:5-77
MERGED from [com.squareup.leakcanary:leakcanary-android:1.6.3] AndroidManifest.xml:26:5-77
MERGED from [com.squareup.leakcanary:leakcanary-android:1.6.3] AndroidManifest.xml:26:5-77
MERGED from [com.willowtreeapps.hyperion:hyperion-core:0.9.27] AndroidManifest.xml:12:5-77
MERGED from [com.willowtreeapps.hyperion:hyperion-core:0.9.27] AndroidManifest.xml:12:5-77
	android:name
		ADDED from src/main/AndroidManifest.xml:8:22-74
application
ADDED from src/main/AndroidManifest.xml:10:5-28:19
MERGED from [com.squareup.leakcanary:leakcanary-android:1.6.3] AndroidManifest.xml:28:5-72:19
MERGED from [com.squareup.leakcanary:leakcanary-android:1.6.3] AndroidManifest.xml:28:5-72:19
MERGED from [com.willowtreeapps.hyperion:hyperion-core:0.9.27] AndroidManifest.xml:14:5-23:19
MERGED from [com.willowtreeapps.hyperion:hyperion-core:0.9.27] AndroidManifest.xml:14:5-23:19
MERGED from [com.willowtreeapps.hyperion:hyperion-disk:0.9.27] AndroidManifest.xml:11:5-25:19
MERGED from [com.willowtreeapps.hyperion:hyperion-disk:0.9.27] AndroidManifest.xml:11:5-25:19
MERGED from [com.willowtreeapps.hyperion:hyperion-recorder:0.9.27] AndroidManifest.xml:11:5-25:19
MERGED from [com.willowtreeapps.hyperion:hyperion-recorder:0.9.27] AndroidManifest.xml:11:5-25:19
MERGED from [com.willowtreeapps.hyperion:hyperion-phoenix:0.9.27] AndroidManifest.xml:11:5-16:19
MERGED from [com.willowtreeapps.hyperion:hyperion-phoenix:0.9.27] AndroidManifest.xml:11:5-16:19
MERGED from [com.willowtreeapps.hyperion:hyperion-crash:0.9.27] AndroidManifest.xml:11:5-18:19
MERGED from [com.willowtreeapps.hyperion:hyperion-crash:0.9.27] AndroidManifest.xml:11:5-18:19
MERGED from [com.willowtreeapps.hyperion:hyperion-shared-preferences:0.9.27] AndroidManifest.xml:11:5-20:19
MERGED from [com.willowtreeapps.hyperion:hyperion-shared-preferences:0.9.27] AndroidManifest.xml:11:5-20:19
MERGED from [com.willowtreeapps.hyperion:hyperion-timber:0.9.27] AndroidManifest.xml:11:5-16:19
MERGED from [com.willowtreeapps.hyperion:hyperion-timber:0.9.27] AndroidManifest.xml:11:5-16:19
MERGED from [com.willowtreeapps.hyperion:hyperion-build-config:0.9.27] AndroidManifest.xml:11:5-16:19
MERGED from [com.willowtreeapps.hyperion:hyperion-build-config:0.9.27] AndroidManifest.xml:11:5-16:19
MERGED from [com.android.support:design:28.0.0] AndroidManifest.xml:22:5-20
MERGED from [com.android.support:design:28.0.0] AndroidManifest.xml:22:5-20
MERGED from [com.afollestad.material-dialogs:core:0.9.6.0] AndroidManifest.xml:13:5-20
MERGED from [com.afollestad.material-dialogs:core:0.9.6.0] AndroidManifest.xml:13:5-20
MERGED from [com.squareup.leakcanary:leakcanary-analyzer:1.6.3] AndroidManifest.xml:22:5-20
MERGED from [com.squareup.leakcanary:leakcanary-analyzer:1.6.3] AndroidManifest.xml:22:5-20
MERGED from [com.github.bumptech.glide:glide:4.9.0] AndroidManifest.xml:10:5-20
MERGED from [com.github.bumptech.glide:glide:4.9.0] AndroidManifest.xml:10:5-20
MERGED from [android.arch.lifecycle:extensions:1.1.1] AndroidManifest.xml:22:5-28:19
MERGED from [android.arch.lifecycle:extensions:1.1.1] AndroidManifest.xml:22:5-28:19
MERGED from [com.android.support:support-compat:28.0.0] AndroidManifest.xml:22:5-94
MERGED from [com.android.support:support-compat:28.0.0] AndroidManifest.xml:22:5-94
MERGED from [com.android.support:versionedparcelable:28.0.0] AndroidManifest.xml:22:5-23:19
MERGED from [com.android.support:versionedparcelable:28.0.0] AndroidManifest.xml:22:5-23:19
MERGED from [com.github.bumptech.glide:gifdecoder:4.9.0] AndroidManifest.xml:9:5-20
MERGED from [com.github.bumptech.glide:gifdecoder:4.9.0] AndroidManifest.xml:9:5-20
MERGED from [com.android.support.constraint:constraint-layout:1.1.3] AndroidManifest.xml:9:5-20
MERGED from [com.android.support.constraint:constraint-layout:1.1.3] AndroidManifest.xml:9:5-20
MERGED from [de.hdodenhof:circleimageview:2.2.0] AndroidManifest.xml:9:5-20
MERGED from [de.hdodenhof:circleimageview:2.2.0] AndroidManifest.xml:9:5-20
MERGED from [com.jakewharton.timber:timber:4.7.1] AndroidManifest.xml:7:5-20
MERGED from [com.jakewharton.timber:timber:4.7.1] AndroidManifest.xml:7:5-20
MERGED from [com.github.clans:fab:1.6.4] AndroidManifest.xml:12:5-20
MERGED from [com.github.clans:fab:1.6.4] AndroidManifest.xml:12:5-20
	android:appComponentFactory
		ADDED from [com.android.support:support-compat:28.0.0] AndroidManifest.xml:22:18-91
	android:supportsRtl
		ADDED from src/main/AndroidManifest.xml:15:9-35
	android:label
		ADDED from src/main/AndroidManifest.xml:14:9-41
	android:icon
		ADDED from src/main/AndroidManifest.xml:13:9-43
	android:allowBackup
		ADDED from src/main/AndroidManifest.xml:12:9-35
	android:theme
		ADDED from src/main/AndroidManifest.xml:16:9-52
	android:name
		ADDED from src/main/AndroidManifest.xml:11:9-45
activity#com.kyberswap.android.presentation.splash.SplashActivity
ADDED from src/main/AndroidManifest.xml:17:9-26:20
	android:label
		ADDED from src/main/AndroidManifest.xml:19:13-45
	android:theme
		ADDED from src/main/AndroidManifest.xml:20:13-56
	android:name
		ADDED from src/main/AndroidManifest.xml:18:13-63
intent-filter#action:name:android.intent.action.MAIN+category:name:android.intent.category.LAUNCHER
ADDED from src/main/AndroidManifest.xml:21:13-25:29
action#android.intent.action.MAIN
ADDED from src/main/AndroidManifest.xml:22:17-69
	android:name
		ADDED from src/main/AndroidManifest.xml:22:25-66
category#android.intent.category.LAUNCHER
ADDED from src/main/AndroidManifest.xml:24:17-77
	android:name
		ADDED from src/main/AndroidManifest.xml:24:27-74
activity#com.kyberswap.android.presentation.landing.LandingActivity
ADDED from src/main/AndroidManifest.xml:27:9-74
	android:name
		ADDED from src/main/AndroidManifest.xml:27:19-71
uses-sdk
INJECTED from src/main/AndroidManifest.xml reason: use-sdk injection requested
INJECTED from src/main/AndroidManifest.xml
INJECTED from src/main/AndroidManifest.xml
MERGED from [com.android.databinding:adapters:3.3.2] AndroidManifest.xml:22:5-44
MERGED from [com.android.databinding:adapters:3.3.2] AndroidManifest.xml:22:5-44
MERGED from [com.android.databinding:library:3.3.2] AndroidManifest.xml:22:5-44
MERGED from [com.android.databinding:library:3.3.2] AndroidManifest.xml:22:5-44
MERGED from [com.squareup.leakcanary:leakcanary-android:1.6.3] AndroidManifest.xml:20:5-44
MERGED from [com.squareup.leakcanary:leakcanary-android:1.6.3] AndroidManifest.xml:20:5-44
MERGED from [com.willowtreeapps.hyperion:hyperion-core:0.9.27] AndroidManifest.xml:7:5-9:41
MERGED from [com.willowtreeapps.hyperion:hyperion-core:0.9.27] AndroidManifest.xml:7:5-9:41
MERGED from [com.willowtreeapps.hyperion:hyperion-attr:0.9.27] AndroidManifest.xml:7:5-9:41
MERGED from [com.willowtreeapps.hyperion:hyperion-attr:0.9.27] AndroidManifest.xml:7:5-9:41
MERGED from [com.willowtreeapps.hyperion:hyperion-measurement:0.9.27] AndroidManifest.xml:7:5-9:41
MERGED from [com.willowtreeapps.hyperion:hyperion-measurement:0.9.27] AndroidManifest.xml:7:5-9:41
MERGED from [com.willowtreeapps.hyperion:hyperion-disk:0.9.27] AndroidManifest.xml:7:5-9:41
MERGED from [com.willowtreeapps.hyperion:hyperion-disk:0.9.27] AndroidManifest.xml:7:5-9:41
MERGED from [com.willowtreeapps.hyperion:hyperion-recorder:0.9.27] AndroidManifest.xml:7:5-9:41
MERGED from [com.willowtreeapps.hyperion:hyperion-recorder:0.9.27] AndroidManifest.xml:7:5-9:41
MERGED from [com.willowtreeapps.hyperion:hyperion-phoenix:0.9.27] AndroidManifest.xml:7:5-9:41
MERGED from [com.willowtreeapps.hyperion:hyperion-phoenix:0.9.27] AndroidManifest.xml:7:5-9:41
MERGED from [com.willowtreeapps.hyperion:hyperion-crash:0.9.27] AndroidManifest.xml:7:5-9:41
MERGED from [com.willowtreeapps.hyperion:hyperion-crash:0.9.27] AndroidManifest.xml:7:5-9:41
MERGED from [com.willowtreeapps.hyperion:hyperion-shared-preferences:0.9.27] AndroidManifest.xml:7:5-9:41
MERGED from [com.willowtreeapps.hyperion:hyperion-shared-preferences:0.9.27] AndroidManifest.xml:7:5-9:41
MERGED from [com.willowtreeapps.hyperion:hyperion-geiger-counter:0.9.27] AndroidManifest.xml:7:5-9:41
MERGED from [com.willowtreeapps.hyperion:hyperion-geiger-counter:0.9.27] AndroidManifest.xml:7:5-9:41
MERGED from [com.willowtreeapps.hyperion:hyperion-timber:0.9.27] AndroidManifest.xml:7:5-9:41
MERGED from [com.willowtreeapps.hyperion:hyperion-timber:0.9.27] AndroidManifest.xml:7:5-9:41
MERGED from [com.willowtreeapps.hyperion:hyperion-build-config:0.9.27] AndroidManifest.xml:7:5-9:41
MERGED from [com.willowtreeapps.hyperion:hyperion-build-config:0.9.27] AndroidManifest.xml:7:5-9:41
MERGED from [com.android.support:design:28.0.0] AndroidManifest.xml:20:5-44
MERGED from [com.android.support:design:28.0.0] AndroidManifest.xml:20:5-44
MERGED from [com.google.dagger:dagger-android-support:2.16] AndroidManifest.xml:20:5-44
MERGED from [com.google.dagger:dagger-android-support:2.16] AndroidManifest.xml:20:5-44
MERGED from [com.afollestad.material-dialogs:core:0.9.6.0] AndroidManifest.xml:8:5-11:75
MERGED from [com.afollestad.material-dialogs:core:0.9.6.0] AndroidManifest.xml:8:5-11:75
MERGED from [me.zhanghai.android.materialprogressbar:library:1.4.2] AndroidManifest.xml:12:5-14:41
MERGED from [me.zhanghai.android.materialprogressbar:library:1.4.2] AndroidManifest.xml:12:5-14:41
MERGED from [com.android.support:appcompat-v7:28.0.0] AndroidManifest.xml:20:5-44
MERGED from [com.android.support:appcompat-v7:28.0.0] AndroidManifest.xml:20:5-44
MERGED from [com.android.support:support-v4:28.0.0] AndroidManifest.xml:20:5-44
MERGED from [com.android.support:support-v4:28.0.0] AndroidManifest.xml:20:5-44
MERGED from [com.android.support:cardview-v7:28.0.0] AndroidManifest.xml:20:5-44
MERGED from [com.android.support:cardview-v7:28.0.0] AndroidManifest.xml:20:5-44
MERGED from [com.android.support:recyclerview-v7:28.0.0] AndroidManifest.xml:20:5-44
MERGED from [com.android.support:recyclerview-v7:28.0.0] AndroidManifest.xml:20:5-44
MERGED from [com.android.support:exifinterface:28.0.0] AndroidManifest.xml:20:5-44
MERGED from [com.android.support:exifinterface:28.0.0] AndroidManifest.xml:20:5-44
MERGED from [com.android.support:customtabs:28.0.0] AndroidManifest.xml:20:5-44
MERGED from [com.android.support:customtabs:28.0.0] AndroidManifest.xml:20:5-44
MERGED from [com.google.dagger:dagger-android:2.16] AndroidManifest.xml:20:5-44
MERGED from [com.google.dagger:dagger-android:2.16] AndroidManifest.xml:20:5-44
MERGED from [me.relex:circleindicator:1.2.2] AndroidManifest.xml:8:5-10:41
MERGED from [me.relex:circleindicator:1.2.2] AndroidManifest.xml:8:5-10:41
MERGED from [com.squareup.leakcanary:leakcanary-analyzer:1.6.3] AndroidManifest.xml:20:5-44
MERGED from [com.squareup.leakcanary:leakcanary-analyzer:1.6.3] AndroidManifest.xml:20:5-44
MERGED from [android.arch.persistence.room:rxjava2:1.1.1] AndroidManifest.xml:20:5-44
MERGED from [android.arch.persistence.room:rxjava2:1.1.1] AndroidManifest.xml:20:5-44
MERGED from [android.arch.persistence.room:runtime:1.1.1] AndroidManifest.xml:20:5-44
MERGED from [android.arch.persistence.room:runtime:1.1.1] AndroidManifest.xml:20:5-44
MERGED from [com.github.bumptech.glide:glide:4.9.0] AndroidManifest.xml:6:5-8:41
MERGED from [com.github.bumptech.glide:glide:4.9.0] AndroidManifest.xml:6:5-8:41
MERGED from [android.arch.lifecycle:extensions:1.1.1] AndroidManifest.xml:20:5-44
MERGED from [android.arch.lifecycle:extensions:1.1.1] AndroidManifest.xml:20:5-44
MERGED from [com.android.support:support-fragment:28.0.0] AndroidManifest.xml:20:5-44
MERGED from [com.android.support:support-fragment:28.0.0] AndroidManifest.xml:20:5-44
MERGED from [com.android.support:animated-vector-drawable:28.0.0] AndroidManifest.xml:20:5-44
MERGED from [com.android.support:animated-vector-drawable:28.0.0] AndroidManifest.xml:20:5-44
MERGED from [com.android.support:support-core-ui:28.0.0] AndroidManifest.xml:20:5-44
MERGED from [com.android.support:support-core-ui:28.0.0] AndroidManifest.xml:20:5-44
MERGED from [com.android.support:support-core-utils:28.0.0] AndroidManifest.xml:20:5-44
MERGED from [com.android.support:support-core-utils:28.0.0] AndroidManifest.xml:20:5-44
MERGED from [com.android.support:support-vector-drawable:28.0.0] AndroidManifest.xml:20:5-44
MERGED from [com.android.support:support-vector-drawable:28.0.0] AndroidManifest.xml:20:5-44
MERGED from [com.android.support:transition:28.0.0] AndroidManifest.xml:20:5-44
MERGED from [com.android.support:transition:28.0.0] AndroidManifest.xml:20:5-44
MERGED from [com.android.support:support-media-compat:28.0.0] AndroidManifest.xml:20:5-44
MERGED from [com.android.support:support-media-compat:28.0.0] AndroidManifest.xml:20:5-44
MERGED from [com.android.support:loader:28.0.0] AndroidManifest.xml:20:5-44
MERGED from [com.android.support:loader:28.0.0] AndroidManifest.xml:20:5-44
MERGED from [com.android.support:viewpager:28.0.0] AndroidManifest.xml:20:5-44
MERGED from [com.android.support:viewpager:28.0.0] AndroidManifest.xml:20:5-44
MERGED from [com.android.support:coordinatorlayout:28.0.0] AndroidManifest.xml:20:5-44
MERGED from [com.android.support:coordinatorlayout:28.0.0] AndroidManifest.xml:20:5-44
MERGED from [com.android.support:drawerlayout:28.0.0] AndroidManifest.xml:20:5-44
MERGED from [com.android.support:drawerlayout:28.0.0] AndroidManifest.xml:20:5-44
MERGED from [com.android.support:slidingpanelayout:28.0.0] AndroidManifest.xml:20:5-44
MERGED from [com.android.support:slidingpanelayout:28.0.0] AndroidManifest.xml:20:5-44
MERGED from [com.android.support:customview:28.0.0] AndroidManifest.xml:20:5-44
MERGED from [com.android.support:customview:28.0.0] AndroidManifest.xml:20:5-44
MERGED from [com.android.support:swiperefreshlayout:28.0.0] AndroidManifest.xml:20:5-44
MERGED from [com.android.support:swiperefreshlayout:28.0.0] AndroidManifest.xml:20:5-44
MERGED from [com.android.support:asynclayoutinflater:28.0.0] AndroidManifest.xml:20:5-44
MERGED from [com.android.support:asynclayoutinflater:28.0.0] AndroidManifest.xml:20:5-44
MERGED from [com.android.support:support-compat:28.0.0] AndroidManifest.xml:20:5-44
MERGED from [com.android.support:support-compat:28.0.0] AndroidManifest.xml:20:5-44
MERGED from [com.android.support:versionedparcelable:28.0.0] AndroidManifest.xml:20:5-44
MERGED from [com.android.support:versionedparcelable:28.0.0] AndroidManifest.xml:20:5-44
MERGED from [com.android.support:cursoradapter:28.0.0] AndroidManifest.xml:20:5-44
MERGED from [com.android.support:cursoradapter:28.0.0] AndroidManifest.xml:20:5-44
MERGED from [com.android.support:interpolator:28.0.0] AndroidManifest.xml:20:5-44
MERGED from [com.android.support:interpolator:28.0.0] AndroidManifest.xml:20:5-44
MERGED from [android.arch.persistence:db-framework:1.1.1] AndroidManifest.xml:20:5-44
MERGED from [android.arch.persistence:db-framework:1.1.1] AndroidManifest.xml:20:5-44
MERGED from [android.arch.persistence:db:1.1.1] AndroidManifest.xml:20:5-44
MERGED from [android.arch.persistence:db:1.1.1] AndroidManifest.xml:20:5-44
MERGED from [android.arch.lifecycle:livedata:1.1.1] AndroidManifest.xml:20:5-44
MERGED from [android.arch.lifecycle:livedata:1.1.1] AndroidManifest.xml:20:5-44
MERGED from [android.arch.lifecycle:livedata-core:1.1.1] AndroidManifest.xml:20:5-44
MERGED from [android.arch.lifecycle:livedata-core:1.1.1] AndroidManifest.xml:20:5-44
MERGED from [android.arch.core:runtime:1.1.1] AndroidManifest.xml:20:5-44
MERGED from [android.arch.core:runtime:1.1.1] AndroidManifest.xml:20:5-44
MERGED from [com.github.bumptech.glide:gifdecoder:4.9.0] AndroidManifest.xml:5:5-7:41
MERGED from [com.github.bumptech.glide:gifdecoder:4.9.0] AndroidManifest.xml:5:5-7:41
MERGED from [android.arch.lifecycle:runtime:1.1.1] AndroidManifest.xml:20:5-44
MERGED from [android.arch.lifecycle:runtime:1.1.1] AndroidManifest.xml:20:5-44
MERGED from [android.arch.lifecycle:viewmodel:1.1.1] AndroidManifest.xml:20:5-44
MERGED from [android.arch.lifecycle:viewmodel:1.1.1] AndroidManifest.xml:20:5-44
MERGED from [com.android.support:documentfile:28.0.0] AndroidManifest.xml:20:5-44
MERGED from [com.android.support:documentfile:28.0.0] AndroidManifest.xml:20:5-44
MERGED from [com.android.support:localbroadcastmanager:28.0.0] AndroidManifest.xml:20:5-44
MERGED from [com.android.support:localbroadcastmanager:28.0.0] AndroidManifest.xml:20:5-44
MERGED from [com.android.support:print:28.0.0] AndroidManifest.xml:20:5-44
MERGED from [com.android.support:print:28.0.0] AndroidManifest.xml:20:5-44
MERGED from [com.android.support:multidex:1.0.3] AndroidManifest.xml:20:5-43
MERGED from [com.android.support:multidex:1.0.3] AndroidManifest.xml:20:5-43
MERGED from [io.reactivex.rxjava2:rxandroid:2.1.0] AndroidManifest.xml:18:5-43
MERGED from [io.reactivex.rxjava2:rxandroid:2.1.0] AndroidManifest.xml:18:5-43
MERGED from [com.orhanobut:hawk:2.0.1] AndroidManifest.xml:6:5-44
MERGED from [com.orhanobut:hawk:2.0.1] AndroidManifest.xml:6:5-44
MERGED from [com.android.support.constraint:constraint-layout:1.1.3] AndroidManifest.xml:5:5-7:41
MERGED from [com.android.support.constraint:constraint-layout:1.1.3] AndroidManifest.xml:5:5-7:41
MERGED from [de.hdodenhof:circleimageview:2.2.0] AndroidManifest.xml:5:5-7:41
MERGED from [de.hdodenhof:circleimageview:2.2.0] AndroidManifest.xml:5:5-7:41
MERGED from [com.jakewharton.timber:timber:4.7.1] AndroidManifest.xml:5:5-43
MERGED from [com.jakewharton.timber:timber:4.7.1] AndroidManifest.xml:5:5-43
MERGED from [com.github.clans:fab:1.6.4] AndroidManifest.xml:8:5-10:41
MERGED from [com.github.clans:fab:1.6.4] AndroidManifest.xml:8:5-10:41
MERGED from [com.willowtreeapps.hyperion:hyperion-plugin:0.9.27] AndroidManifest.xml:7:5-9:41
MERGED from [com.willowtreeapps.hyperion:hyperion-plugin:0.9.27] AndroidManifest.xml:7:5-9:41
MERGED from [com.facebook.conceal:conceal:1.1.3] AndroidManifest.xml:12:5-14:41
MERGED from [com.facebook.conceal:conceal:1.1.3] AndroidManifest.xml:12:5-14:41
INJECTED from src/main/AndroidManifest.xml
INJECTED from src/main/AndroidManifest.xml
	tools:overrideLibrary
		ADDED from [com.afollestad.material-dialogs:core:0.9.6.0] AndroidManifest.xml:11:9-72
	android:targetSdkVersion
		INJECTED from src/main/AndroidManifest.xml
		ADDED from src/main/AndroidManifest.xml
		INJECTED from src/main/AndroidManifest.xml
	android:minSdkVersion
		INJECTED from src/main/AndroidManifest.xml
		ADDED from src/main/AndroidManifest.xml
		INJECTED from src/main/AndroidManifest.xml
uses-permission#android.permission.READ_EXTERNAL_STORAGE
ADDED from [com.squareup.leakcanary:leakcanary-android:1.6.3] AndroidManifest.xml:23:5-80
	android:name
		ADDED from [com.squareup.leakcanary:leakcanary-android:1.6.3] AndroidManifest.xml:23:22-77
uses-permission#android.permission.WRITE_EXTERNAL_STORAGE
ADDED from [com.squareup.leakcanary:leakcanary-android:1.6.3] AndroidManifest.xml:24:5-81
	android:name
		ADDED from [com.squareup.leakcanary:leakcanary-android:1.6.3] AndroidManifest.xml:24:22-78
service#com.squareup.leakcanary.internal.HeapAnalyzerService
ADDED from [com.squareup.leakcanary:leakcanary-android:1.6.3] AndroidManifest.xml:29:9-32:45
	android:process
		ADDED from [com.squareup.leakcanary:leakcanary-android:1.6.3] AndroidManifest.xml:32:13-42
	android:enabled
		ADDED from [com.squareup.leakcanary:leakcanary-android:1.6.3] AndroidManifest.xml:31:13-36
	android:name
		ADDED from [com.squareup.leakcanary:leakcanary-android:1.6.3] AndroidManifest.xml:30:13-80
service#com.squareup.leakcanary.DisplayLeakService
ADDED from [com.squareup.leakcanary:leakcanary-android:1.6.3] AndroidManifest.xml:33:9-36:45
	android:process
		ADDED from [com.squareup.leakcanary:leakcanary-android:1.6.3] AndroidManifest.xml:36:13-42
	android:enabled
		ADDED from [com.squareup.leakcanary:leakcanary-android:1.6.3] AndroidManifest.xml:35:13-36
	android:name
		ADDED from [com.squareup.leakcanary:leakcanary-android:1.6.3] AndroidManifest.xml:34:13-70
provider#com.squareup.leakcanary.internal.LeakCanaryFileProvider
ADDED from [com.squareup.leakcanary:leakcanary-android:1.6.3] AndroidManifest.xml:38:9-46:20
	android:grantUriPermissions
		ADDED from [com.squareup.leakcanary:leakcanary-android:1.6.3] AndroidManifest.xml:42:13-47
	android:authorities
		ADDED from [com.squareup.leakcanary:leakcanary-android:1.6.3] AndroidManifest.xml:40:13-88
	android:exported
		ADDED from [com.squareup.leakcanary:leakcanary-android:1.6.3] AndroidManifest.xml:41:13-37
	android:name
		ADDED from [com.squareup.leakcanary:leakcanary-android:1.6.3] AndroidManifest.xml:39:13-83
meta-data#android.support.FILE_PROVIDER_PATHS
ADDED from [com.squareup.leakcanary:leakcanary-android:1.6.3] AndroidManifest.xml:43:13-45:66
	android:resource
		ADDED from [com.squareup.leakcanary:leakcanary-android:1.6.3] AndroidManifest.xml:45:17-63
	android:name
		ADDED from [com.squareup.leakcanary:leakcanary-android:1.6.3] AndroidManifest.xml:44:17-67
activity#com.squareup.leakcanary.internal.DisplayLeakActivity
ADDED from [com.squareup.leakcanary:leakcanary-android:1.6.3] AndroidManifest.xml:48:9-61:20
	android:process
		ADDED from [com.squareup.leakcanary:leakcanary-android:1.6.3] AndroidManifest.xml:53:13-42
	android:enabled
		ADDED from [com.squareup.leakcanary:leakcanary-android:1.6.3] AndroidManifest.xml:50:13-36
	android:label
		ADDED from [com.squareup.leakcanary:leakcanary-android:1.6.3] AndroidManifest.xml:52:13-71
	android:icon
		ADDED from [com.squareup.leakcanary:leakcanary-android:1.6.3] AndroidManifest.xml:51:13-52
	android:theme
		ADDED from [com.squareup.leakcanary:leakcanary-android:1.6.3] AndroidManifest.xml:55:13-63
	android:taskAffinity
		ADDED from [com.squareup.leakcanary:leakcanary-android:1.6.3] AndroidManifest.xml:54:13-76
	android:name
		ADDED from [com.squareup.leakcanary:leakcanary-android:1.6.3] AndroidManifest.xml:49:13-80
activity#com.squareup.leakcanary.internal.RequestStoragePermissionActivity
ADDED from [com.squareup.leakcanary:leakcanary-android:1.6.3] AndroidManifest.xml:62:9-71:68
	android:process
		ADDED from [com.squareup.leakcanary:leakcanary-android:1.6.3] AndroidManifest.xml:68:13-42
	android:enabled
		ADDED from [com.squareup.leakcanary:leakcanary-android:1.6.3] AndroidManifest.xml:64:13-36
	android:label
		ADDED from [com.squareup.leakcanary:leakcanary-android:1.6.3] AndroidManifest.xml:67:13-82
	android:excludeFromRecents
		ADDED from [com.squareup.leakcanary:leakcanary-android:1.6.3] AndroidManifest.xml:65:13-46
	android:roundIcon